[29 dic 2021 16:27:57] Building database metadata model
[29 dic 2021 16:27:57] Properties: {partialRefresh=false, processColumnsUsingSelect=, includePrimaryKeys=true, eventSocketClient=com.webratio.commons.net.EventSocketClient@7357444f, includeTables=true, username=root, outputLogPath=C:\WebRatio\WebRatio Platform 7.2.18.x64bit\workspace\prova\.Temp~\DB.xml.log, readIndexes=null, driverClass=com.mysql.jdbc.Driver, includeSynonyms=true, metaDataProviderClass=com.webratio.commons.db.metadata.MySQLMetaDataProvider, outputPath=C:\WebRatio\WebRatio Platform 7.2.18.x64bit\workspace\prova\.Temp~\DB.xml, schemaRegex=null, readProcedures=null, includeViews=true, derby.system.home=C:\WebRatio\WebRatio Platform 7.2.18.x64bit\workspace\.metadata\.plugins\com.webratio.commons.db\derby, url=jdbc:mysql://localhost/MovieFlix, tableRegex=null, readSQLDefinitions=true, includeForeignKeys=true, retrieveAllNames=false, tablesToRefresh=, eventSocketPort=60169}
[29 dic 2021 16:27:57] URL: jdbc:mysql://localhost/MovieFlix
[29 dic 2021 16:27:57] Product name: MySQL
[29 dic 2021 16:27:57] Product version: 5.5.5-10.4.22-MariaDB
[29 dic 2021 16:27:57] Driver name: MySQL Connector Java
[29 dic 2021 16:27:57] Driver version: mysql-connector-java-5.1.31 ( Revision: alexander.soklakov@oracle.com-20140520065950-groqzzbvxprqdmnz )
[29 dic 2021 16:27:57] Driver major version: 5
[29 dic 2021 16:27:57] Driver minor version: 1
[29 dic 2021 16:27:57] Identifier quote string: 1
[29 dic 2021 16:27:57] Retrieving schemas
[29 dic 2021 16:27:57] Retrieving [TABLE, VIEW, SYNONYM] for schema ''
[29 dic 2021 16:27:57]   Found 'abbonamento' [type = TABLE]
[29 dic 2021 16:27:57]   Found 'catalogo_generale' [type = TABLE]
[29 dic 2021 16:27:57]   Found 'catalogo_personale' [type = TABLE]
[29 dic 2021 16:27:57]   Found 'catalogo_personale_film' [type = TABLE]
[29 dic 2021 16:27:57]   Found 'catalogo_personale_serie' [type = TABLE]
[29 dic 2021 16:27:57]   Found 'datadiuscita' [type = TABLE]
[29 dic 2021 16:27:57]   Found 'datipagamento' [type = TABLE]
[29 dic 2021 16:27:57]   Found 'episodio' [type = TABLE]
[29 dic 2021 16:27:57]   Found 'fasciadiprezzo' [type = TABLE]
[29 dic 2021 16:27:57]   Found 'film' [type = TABLE]
[29 dic 2021 16:27:57]   Found 'genere' [type = TABLE]
[29 dic 2021 16:27:57]   Found 'group' [type = TABLE]
[29 dic 2021 16:27:57]   Found 'group_module' [type = TABLE]
[29 dic 2021 16:27:57]   Found 'lingua' [type = TABLE]
[29 dic 2021 16:27:57]   Found 'module' [type = TABLE]
[29 dic 2021 16:27:57]   Found 'recensione' [type = TABLE]
[29 dic 2021 16:27:57]   Found 'regista' [type = TABLE]
[29 dic 2021 16:27:57]   Found 'serie' [type = TABLE]
[29 dic 2021 16:27:57]   Found 'transazione' [type = TABLE]
[29 dic 2021 16:27:57]   Found 'user_group' [type = TABLE]
[29 dic 2021 16:27:57]   Found 'utente' [type = TABLE]
[29 dic 2021 16:27:57]   Found 'utente_esterno_registrato' [type = TABLE]
[29 dic 2021 16:27:57]   Found 'utente_esterno_registrato_abbo' [type = TABLE]
[29 dic 2021 16:27:57]   Found 'filmpremiato_view' [type = VIEW]
[29 dic 2021 16:27:57]   Found 'filmrecente_view' [type = VIEW]
[29 dic 2021 16:27:57]   Found 'seriepremiata_view' [type = VIEW]
[29 dic 2021 16:27:57]   Found 'serierecente_view' [type = VIEW]
[29 dic 2021 16:27:57] Retrieving columns for 'abbonamento' [type = TABLE]
[29 dic 2021 16:27:57]   Found column: oid [type = INT][SQL/XOPEN type = 4][size = 10][dec. digits = 0]
[29 dic 2021 16:27:57]   Found column: data_fine [type = DATE][SQL/XOPEN type = 91][size = 10][dec. digits = 0]
[29 dic 2021 16:27:57]   Found column: noleggi [type = INT][SQL/XOPEN type = 4][size = 10][dec. digits = 0]
[29 dic 2021 16:27:57]   Found column: prezzo [type = INT][SQL/XOPEN type = 4][size = 10][dec. digits = 0]
[29 dic 2021 16:27:57]   Found column: utente_esterno_registrato_abbo [type = INT][SQL/XOPEN type = 4][size = 10][dec. digits = 0]
[29 dic 2021 16:27:57] Retrieving primary keys for 'abbonamento' [type = TABLE]
[29 dic 2021 16:27:57]   Found primary key column: oid
[29 dic 2021 16:27:57] Retrieving columns for 'catalogo_generale' [type = TABLE]
[29 dic 2021 16:27:57]   Found column: oid [type = INT][SQL/XOPEN type = 4][size = 10][dec. digits = 0]
[29 dic 2021 16:27:57]   Found column: ampiezza_film [type = INT][SQL/XOPEN type = 4][size = 10][dec. digits = 0]
[29 dic 2021 16:27:57]   Found column: ampiezza_serie [type = INT][SQL/XOPEN type = 4][size = 10][dec. digits = 0]
[29 dic 2021 16:27:57] Retrieving primary keys for 'catalogo_generale' [type = TABLE]
[29 dic 2021 16:27:57]   Found primary key column: oid
[29 dic 2021 16:27:57] Retrieving columns for 'catalogo_personale' [type = TABLE]
[29 dic 2021 16:27:57]   Found column: oid [type = INT][SQL/XOPEN type = 4][size = 10][dec. digits = 0]
[29 dic 2021 16:27:57]   Found column: ampiezza_film [type = INT][SQL/XOPEN type = 4][size = 10][dec. digits = 0]
[29 dic 2021 16:27:57]   Found column: ampiezza_serie [type = INT][SQL/XOPEN type = 4][size = 10][dec. digits = 0]
[29 dic 2021 16:27:57] Retrieving primary keys for 'catalogo_personale' [type = TABLE]
[29 dic 2021 16:27:57]   Found primary key column: oid
[29 dic 2021 16:27:57] Retrieving columns for 'catalogo_personale_film' [type = TABLE]
[29 dic 2021 16:27:57]   Found column: catalogo_personale_oid [type = INT][SQL/XOPEN type = 4][size = 10][dec. digits = 0]
[29 dic 2021 16:27:57]   Found column: film_oid [type = INT][SQL/XOPEN type = 4][size = 10][dec. digits = 0]
[29 dic 2021 16:27:57] Retrieving primary keys for 'catalogo_personale_film' [type = TABLE]
[29 dic 2021 16:27:57]   Found primary key column: catalogo_personale_oid
[29 dic 2021 16:27:57]   Found primary key column: film_oid
[29 dic 2021 16:27:57] Retrieving columns for 'catalogo_personale_serie' [type = TABLE]
[29 dic 2021 16:27:57]   Found column: catalogo_personale_oid [type = INT][SQL/XOPEN type = 4][size = 10][dec. digits = 0]
[29 dic 2021 16:27:57]   Found column: serie_oid [type = INT][SQL/XOPEN type = 4][size = 10][dec. digits = 0]
[29 dic 2021 16:27:57] Retrieving primary keys for 'catalogo_personale_serie' [type = TABLE]
[29 dic 2021 16:27:57]   Found primary key column: catalogo_personale_oid
[29 dic 2021 16:27:57]   Found primary key column: serie_oid
[29 dic 2021 16:27:57] Retrieving columns for 'datadiuscita' [type = TABLE]
[29 dic 2021 16:27:57]   Found column: oid [type = INT][SQL/XOPEN type = 4][size = 10][dec. digits = 0]
[29 dic 2021 16:27:57]   Found column: giorno [type = INT][SQL/XOPEN type = 4][size = 10][dec. digits = 0]
[29 dic 2021 16:27:57]   Found column: mese [type = INT][SQL/XOPEN type = 4][size = 10][dec. digits = 0]
[29 dic 2021 16:27:57]   Found column: anno [type = INT][SQL/XOPEN type = 4][size = 10][dec. digits = 0]
[29 dic 2021 16:27:57] Retrieving primary keys for 'datadiuscita' [type = TABLE]
[29 dic 2021 16:27:57]   Found primary key column: oid
[29 dic 2021 16:27:57] Retrieving columns for 'datipagamento' [type = TABLE]
[29 dic 2021 16:27:57]   Found column: oid [type = INT][SQL/XOPEN type = 4][size = 10][dec. digits = 0]
[29 dic 2021 16:27:57]   Found column: numerocarta [type = INT][SQL/XOPEN type = 4][size = 10][dec. digits = 0]
[29 dic 2021 16:27:57]   Found column: ccv [type = INT][SQL/XOPEN type = 4][size = 10][dec. digits = 0]
[29 dic 2021 16:27:57]   Found column: scadenza [type = DATE][SQL/XOPEN type = 91][size = 10][dec. digits = 0]
[29 dic 2021 16:27:57] Retrieving primary keys for 'datipagamento' [type = TABLE]
[29 dic 2021 16:27:57]   Found primary key column: oid
[29 dic 2021 16:27:57] Retrieving columns for 'episodio' [type = TABLE]
[29 dic 2021 16:27:57]   Found column: oid [type = INT][SQL/XOPEN type = 4][size = 10][dec. digits = 0]
[29 dic 2021 16:27:57]   Found column: titolo [type = VARCHAR][SQL/XOPEN type = 12][size = 255][dec. digits = 0]
[29 dic 2021 16:27:57]   Found column: trama [type = LONGTEXT][SQL/XOPEN type = -1][size = 2147483647][dec. digits = 0]
[29 dic 2021 16:27:57]   Found column: cast [type = VARCHAR][SQL/XOPEN type = 12][size = 255][dec. digits = 0]
[29 dic 2021 16:27:57]   Found column: durata [type = INT][SQL/XOPEN type = 4][size = 10][dec. digits = 0]
[29 dic 2021 16:27:57]   Found column: stagione [type = INT][SQL/XOPEN type = 4][size = 10][dec. digits = 0]
[29 dic 2021 16:27:57]   Found column: serie_oid [type = INT][SQL/XOPEN type = 4][size = 10][dec. digits = 0]
[29 dic 2021 16:27:57] Retrieving primary keys for 'episodio' [type = TABLE]
[29 dic 2021 16:27:57]   Found primary key column: oid
[29 dic 2021 16:27:57] Retrieving columns for 'fasciadiprezzo' [type = TABLE]
[29 dic 2021 16:27:57]   Found column: oid [type = INT][SQL/XOPEN type = 4][size = 10][dec. digits = 0]
[29 dic 2021 16:27:57]   Found column: prezzo_acquisto [type = DOUBLE][SQL/XOPEN type = 8][size = 22][dec. digits = 0]
[29 dic 2021 16:27:57]   Found column: fascia_prezzo [type = BIT][SQL/XOPEN type = -7][size = 1][dec. digits = 0]
[29 dic 2021 16:27:57]   Found column: prezzo_noleggio [type = DOUBLE][SQL/XOPEN type = 8][size = 22][dec. digits = 0]
[29 dic 2021 16:27:57] Retrieving primary keys for 'fasciadiprezzo' [type = TABLE]
[29 dic 2021 16:27:57]   Found primary key column: oid
[29 dic 2021 16:27:57] Retrieving columns for 'film' [type = TABLE]
[29 dic 2021 16:27:57]   Found column: oid [type = INT][SQL/XOPEN type = 4][size = 10][dec. digits = 0]
[29 dic 2021 16:27:57]   Found column: titolo [type = VARCHAR][SQL/XOPEN type = 12][size = 255][dec. digits = 0]
[29 dic 2021 16:27:57]   Found column: trama [type = LONGTEXT][SQL/XOPEN type = -1][size = 2147483647][dec. digits = 0]
[29 dic 2021 16:27:57]   Found column: sottotitoli [type = VARCHAR][SQL/XOPEN type = 12][size = 255][dec. digits = 0]
[29 dic 2021 16:27:57]   Found column: cast [type = VARCHAR][SQL/XOPEN type = 12][size = 255][dec. digits = 0]
[29 dic 2021 16:27:57]   Found column: eta_minima [type = INT][SQL/XOPEN type = 4][size = 10][dec. digits = 0]
[29 dic 2021 16:27:57]   Found column: durata [type = INT][SQL/XOPEN type = 4][size = 10][dec. digits = 0]
[29 dic 2021 16:27:57]   Found column: locandina [type = VARCHAR][SQL/XOPEN type = 12][size = 255][dec. digits = 0]
[29 dic 2021 16:27:57]   Found column: sfondo [type = VARCHAR][SQL/XOPEN type = 12][size = 255][dec. digits = 0]
[29 dic 2021 16:27:57]   Found column: trailer [type = VARCHAR][SQL/XOPEN type = 12][size = 255][dec. digits = 0]
[29 dic 2021 16:27:57]   Found column: valutazione_della_critica [type = DOUBLE][SQL/XOPEN type = 8][size = 22][dec. digits = 0]
[29 dic 2021 16:27:57]   Found column: valutazione_media [type = DOUBLE][SQL/XOPEN type = 8][size = 22][dec. digits = 0]
[29 dic 2021 16:27:57]   Found column: genere_oid [type = INT][SQL/XOPEN type = 4][size = 10][dec. digits = 0]
[29 dic 2021 16:27:57]   Found column: lingua_oid [type = INT][SQL/XOPEN type = 4][size = 10][dec. digits = 0]
[29 dic 2021 16:27:57]   Found column: datadiuscita_oid [type = INT][SQL/XOPEN type = 4][size = 10][dec. digits = 0]
[29 dic 2021 16:27:57]   Found column: fasciadiprezzo_oid [type = INT][SQL/XOPEN type = 4][size = 10][dec. digits = 0]
[29 dic 2021 16:27:57]   Found column: regista_oid [type = INT][SQL/XOPEN type = 4][size = 10][dec. digits = 0]
[29 dic 2021 16:27:57]   Found column: catalogo_generale_oid [type = INT][SQL/XOPEN type = 4][size = 10][dec. digits = 0]
[29 dic 2021 16:27:57] Retrieving primary keys for 'film' [type = TABLE]
[29 dic 2021 16:27:57]   Found primary key column: oid
[29 dic 2021 16:27:57] Retrieving columns for 'genere' [type = TABLE]
[29 dic 2021 16:27:57]   Found column: oid [type = INT][SQL/XOPEN type = 4][size = 10][dec. digits = 0]
[29 dic 2021 16:27:57]   Found column: categoria [type = VARCHAR][SQL/XOPEN type = 12][size = 255][dec. digits = 0]
[29 dic 2021 16:27:57] Retrieving primary keys for 'genere' [type = TABLE]
[29 dic 2021 16:27:57]   Found primary key column: oid
[29 dic 2021 16:27:57] Retrieving columns for 'group' [type = TABLE]
[29 dic 2021 16:27:57]   Found column: oid [type = INT][SQL/XOPEN type = 4][size = 10][dec. digits = 0]
[29 dic 2021 16:27:57]   Found column: groupname [type = VARCHAR][SQL/XOPEN type = 12][size = 255][dec. digits = 0]
[29 dic 2021 16:27:57]   Found column: module_oid [type = INT][SQL/XOPEN type = 4][size = 10][dec. digits = 0]
[29 dic 2021 16:27:57] Retrieving primary keys for 'group' [type = TABLE]
[29 dic 2021 16:27:57]   Found primary key column: oid
[29 dic 2021 16:27:57] Retrieving columns for 'group_module' [type = TABLE]
[29 dic 2021 16:27:57]   Found column: group_oid [type = INT][SQL/XOPEN type = 4][size = 10][dec. digits = 0]
[29 dic 2021 16:27:57]   Found column: module_oid [type = INT][SQL/XOPEN type = 4][size = 10][dec. digits = 0]
[29 dic 2021 16:27:57] Retrieving primary keys for 'group_module' [type = TABLE]
[29 dic 2021 16:27:57]   Found primary key column: group_oid
[29 dic 2021 16:27:57]   Found primary key column: module_oid
[29 dic 2021 16:27:57] Retrieving columns for 'lingua' [type = TABLE]
[29 dic 2021 16:27:57]   Found column: oid [type = INT][SQL/XOPEN type = 4][size = 10][dec. digits = 0]
[29 dic 2021 16:27:57]   Found column: lingua [type = VARCHAR][SQL/XOPEN type = 12][size = 255][dec. digits = 0]
[29 dic 2021 16:27:57] Retrieving primary keys for 'lingua' [type = TABLE]
[29 dic 2021 16:27:57]   Found primary key column: oid
[29 dic 2021 16:27:57] Retrieving columns for 'module' [type = TABLE]
[29 dic 2021 16:27:57]   Found column: oid [type = INT][SQL/XOPEN type = 4][size = 10][dec. digits = 0]
[29 dic 2021 16:27:57]   Found column: moduleid [type = VARCHAR][SQL/XOPEN type = 12][size = 255][dec. digits = 0]
[29 dic 2021 16:27:57]   Found column: modulename [type = VARCHAR][SQL/XOPEN type = 12][size = 255][dec. digits = 0]
[29 dic 2021 16:27:57] Retrieving primary keys for 'module' [type = TABLE]
[29 dic 2021 16:27:57]   Found primary key column: oid
[29 dic 2021 16:27:57] Retrieving columns for 'recensione' [type = TABLE]
[29 dic 2021 16:27:57]   Found column: oid [type = INT][SQL/XOPEN type = 4][size = 10][dec. digits = 0]
[29 dic 2021 16:27:57]   Found column: valutazione [type = INT][SQL/XOPEN type = 4][size = 10][dec. digits = 0]
[29 dic 2021 16:27:57]   Found column: data [type = DATE][SQL/XOPEN type = 91][size = 10][dec. digits = 0]
[29 dic 2021 16:27:57]   Found column: commento [type = LONGTEXT][SQL/XOPEN type = -1][size = 2147483647][dec. digits = 0]
[29 dic 2021 16:27:57]   Found column: serie_oid [type = INT][SQL/XOPEN type = 4][size = 10][dec. digits = 0]
[29 dic 2021 16:27:57]   Found column: film_oid [type = INT][SQL/XOPEN type = 4][size = 10][dec. digits = 0]
[29 dic 2021 16:27:57]   Found column: utente_esterno_registrato_oid [type = INT][SQL/XOPEN type = 4][size = 10][dec. digits = 0]
[29 dic 2021 16:27:57] Retrieving primary keys for 'recensione' [type = TABLE]
[29 dic 2021 16:27:57]   Found primary key column: oid
[29 dic 2021 16:27:57] Retrieving columns for 'regista' [type = TABLE]
[29 dic 2021 16:27:57]   Found column: oid [type = INT][SQL/XOPEN type = 4][size = 10][dec. digits = 0]
[29 dic 2021 16:27:57]   Found column: nomecognome [type = VARCHAR][SQL/XOPEN type = 12][size = 255][dec. digits = 0]
[29 dic 2021 16:27:57] Retrieving primary keys for 'regista' [type = TABLE]
[29 dic 2021 16:27:57]   Found primary key column: oid
[29 dic 2021 16:27:57] Retrieving columns for 'serie' [type = TABLE]
[29 dic 2021 16:27:57]   Found column: oid [type = INT][SQL/XOPEN type = 4][size = 10][dec. digits = 0]
[29 dic 2021 16:27:57]   Found column: titolo [type = VARCHAR][SQL/XOPEN type = 12][size = 255][dec. digits = 0]
[29 dic 2021 16:27:57]   Found column: trama [type = LONGTEXT][SQL/XOPEN type = -1][size = 2147483647][dec. digits = 0]
[29 dic 2021 16:27:57]   Found column: sottotitoli [type = VARCHAR][SQL/XOPEN type = 12][size = 255][dec. digits = 0]
[29 dic 2021 16:27:57]   Found column: cast [type = VARCHAR][SQL/XOPEN type = 12][size = 255][dec. digits = 0]
[29 dic 2021 16:27:57]   Found column: eta_minima [type = INT][SQL/XOPEN type = 4][size = 10][dec. digits = 0]
[29 dic 2021 16:27:57]   Found column: stagioni [type = VARCHAR][SQL/XOPEN type = 12][size = 255][dec. digits = 0]
[29 dic 2021 16:27:57]   Found column: locandina [type = VARCHAR][SQL/XOPEN type = 12][size = 255][dec. digits = 0]
[29 dic 2021 16:27:57]   Found column: sfondo [type = VARCHAR][SQL/XOPEN type = 12][size = 255][dec. digits = 0]
[29 dic 2021 16:27:57]   Found column: trailer [type = VARCHAR][SQL/XOPEN type = 12][size = 255][dec. digits = 0]
[29 dic 2021 16:27:57]   Found column: valutazione_della_critica [type = DOUBLE][SQL/XOPEN type = 8][size = 22][dec. digits = 0]
[29 dic 2021 16:27:57]   Found column: valutazione_media [type = DOUBLE][SQL/XOPEN type = 8][size = 22][dec. digits = 0]
[29 dic 2021 16:27:57]   Found column: genere_oid [type = INT][SQL/XOPEN type = 4][size = 10][dec. digits = 0]
[29 dic 2021 16:27:57]   Found column: lingua_oid [type = INT][SQL/XOPEN type = 4][size = 10][dec. digits = 0]
[29 dic 2021 16:27:57]   Found column: datadiuscita_oid [type = INT][SQL/XOPEN type = 4][size = 10][dec. digits = 0]
[29 dic 2021 16:27:57]   Found column: fasciadiprezzo_oid [type = INT][SQL/XOPEN type = 4][size = 10][dec. digits = 0]
[29 dic 2021 16:27:57]   Found column: catalogo_generale_oid [type = INT][SQL/XOPEN type = 4][size = 10][dec. digits = 0]
[29 dic 2021 16:27:57] Retrieving primary keys for 'serie' [type = TABLE]
[29 dic 2021 16:27:57]   Found primary key column: oid
[29 dic 2021 16:27:57] Retrieving columns for 'transazione' [type = TABLE]
[29 dic 2021 16:27:57]   Found column: oid [type = INT][SQL/XOPEN type = 4][size = 10][dec. digits = 0]
[29 dic 2021 16:27:57]   Found column: data [type = DATE][SQL/XOPEN type = 91][size = 10][dec. digits = 0]
[29 dic 2021 16:27:57]   Found column: costo [type = DOUBLE][SQL/XOPEN type = 8][size = 22][dec. digits = 0]
[29 dic 2021 16:27:57]   Found column: motivotransazione [type = VARCHAR][SQL/XOPEN type = 12][size = 255][dec. digits = 0]
[29 dic 2021 16:27:57]   Found column: film_oid [type = INT][SQL/XOPEN type = 4][size = 10][dec. digits = 0]
[29 dic 2021 16:27:57]   Found column: datipagamento_oid [type = INT][SQL/XOPEN type = 4][size = 10][dec. digits = 0]
[29 dic 2021 16:27:57]   Found column: abbonamento_oid [type = INT][SQL/XOPEN type = 4][size = 10][dec. digits = 0]
[29 dic 2021 16:27:57]   Found column: utente_esterno_registrato_oid [type = INT][SQL/XOPEN type = 4][size = 10][dec. digits = 0]
[29 dic 2021 16:27:57]   Found column: serie_oid [type = INT][SQL/XOPEN type = 4][size = 10][dec. digits = 0]
[29 dic 2021 16:27:57] Retrieving primary keys for 'transazione' [type = TABLE]
[29 dic 2021 16:27:57]   Found primary key column: oid
[29 dic 2021 16:27:57] Retrieving columns for 'user_group' [type = TABLE]
[29 dic 2021 16:27:57]   Found column: utente_oid [type = INT][SQL/XOPEN type = 4][size = 10][dec. digits = 0]
[29 dic 2021 16:27:57]   Found column: group_oid [type = INT][SQL/XOPEN type = 4][size = 10][dec. digits = 0]
[29 dic 2021 16:27:57] Retrieving primary keys for 'user_group' [type = TABLE]
[29 dic 2021 16:27:57]   Found primary key column: utente_oid
[29 dic 2021 16:27:57]   Found primary key column: group_oid
[29 dic 2021 16:27:57] Retrieving columns for 'utente' [type = TABLE]
[29 dic 2021 16:27:57]   Found column: oid [type = INT][SQL/XOPEN type = 4][size = 10][dec. digits = 0]
[29 dic 2021 16:27:57]   Found column: username [type = VARCHAR][SQL/XOPEN type = 12][size = 255][dec. digits = 0]
[29 dic 2021 16:27:57]   Found column: password [type = VARCHAR][SQL/XOPEN type = 12][size = 255][dec. digits = 0]
[29 dic 2021 16:27:57]   Found column: email [type = VARCHAR][SQL/XOPEN type = 12][size = 255][dec. digits = 0]
[29 dic 2021 16:27:57]   Found column: cognome [type = VARCHAR][SQL/XOPEN type = 12][size = 255][dec. digits = 0]
[29 dic 2021 16:27:57]   Found column: nome [type = VARCHAR][SQL/XOPEN type = 12][size = 255][dec. digits = 0]
[29 dic 2021 16:27:57]   Found column: data_di_nascita [type = DATE][SQL/XOPEN type = 91][size = 10][dec. digits = 0]
[29 dic 2021 16:27:57]   Found column: group_oid [type = INT][SQL/XOPEN type = 4][size = 10][dec. digits = 0]
[29 dic 2021 16:27:57] Retrieving primary keys for 'utente' [type = TABLE]
[29 dic 2021 16:27:57]   Found primary key column: oid
[29 dic 2021 16:27:57] Retrieving columns for 'utente_esterno_registrato' [type = TABLE]
[29 dic 2021 16:27:57]   Found column: utente_oid [type = INT][SQL/XOPEN type = 4][size = 10][dec. digits = 0]
[29 dic 2021 16:27:57]   Found column: catalogo_personale_oid [type = INT][SQL/XOPEN type = 4][size = 10][dec. digits = 0]
[29 dic 2021 16:27:57]   Found column: datipagamento_oid [type = INT][SQL/XOPEN type = 4][size = 10][dec. digits = 0]
[29 dic 2021 16:27:57] Retrieving primary keys for 'utente_esterno_registrato' [type = TABLE]
[29 dic 2021 16:27:57]   Found primary key column: utente_oid
[29 dic 2021 16:27:57] Retrieving columns for 'utente_esterno_registrato_abbo' [type = TABLE]
[29 dic 2021 16:27:57]   Found column: utente_esterno_registrato_oid [type = INT][SQL/XOPEN type = 4][size = 10][dec. digits = 0]
[29 dic 2021 16:27:57] Retrieving primary keys for 'utente_esterno_registrato_abbo' [type = TABLE]
[29 dic 2021 16:27:57]   Found primary key column: utente_esterno_registrato_oid
[29 dic 2021 16:27:57] Retrieving columns for 'filmpremiato_view' [type = VIEW]
[29 dic 2021 16:27:57]   Found column: oid [type = INT][SQL/XOPEN type = 4][size = 10][dec. digits = 0]
[29 dic 2021 16:27:57] Retrieving primary keys for 'filmpremiato_view' [type = VIEW]
[29 dic 2021 16:27:57] Retrieving columns for 'filmrecente_view' [type = VIEW]
[29 dic 2021 16:27:57]   Found column: oid [type = INT][SQL/XOPEN type = 4][size = 10][dec. digits = 0]
[29 dic 2021 16:27:57] Retrieving primary keys for 'filmrecente_view' [type = VIEW]
[29 dic 2021 16:27:57] Retrieving columns for 'seriepremiata_view' [type = VIEW]
[29 dic 2021 16:27:57]   Found column: oid [type = INT][SQL/XOPEN type = 4][size = 10][dec. digits = 0]
[29 dic 2021 16:27:57] Retrieving primary keys for 'seriepremiata_view' [type = VIEW]
[29 dic 2021 16:27:57] Retrieving columns for 'serierecente_view' [type = VIEW]
[29 dic 2021 16:27:57]   Found column: oid [type = INT][SQL/XOPEN type = 4][size = 10][dec. digits = 0]
[29 dic 2021 16:27:57] Retrieving primary keys for 'serierecente_view' [type = VIEW]
[29 dic 2021 16:27:57] Retrieving foreign keys for 'abbonamento' [type = TABLE]
[29 dic 2021 16:27:57]   Found foreign key: column utente_esterno_registrato_abbo references utente_esterno_registrato_abbo(utente_esterno_registrato_oid)
[29 dic 2021 16:27:57] Retrieving foreign keys for 'catalogo_generale' [type = TABLE]
[29 dic 2021 16:27:57] Retrieving foreign keys for 'catalogo_personale' [type = TABLE]
[29 dic 2021 16:27:58] Retrieving foreign keys for 'catalogo_personale_film' [type = TABLE]
[29 dic 2021 16:27:58]   Found foreign key: column catalogo_personale_oid references catalogo_personale(oid)
[29 dic 2021 16:27:58]   Found foreign key: column film_oid references film(oid)
[29 dic 2021 16:27:58] Retrieving foreign keys for 'catalogo_personale_serie' [type = TABLE]
[29 dic 2021 16:27:58]   Found foreign key: column catalogo_personale_oid references catalogo_personale(oid)
[29 dic 2021 16:27:58]   Found foreign key: column serie_oid references serie(oid)
[29 dic 2021 16:27:58] Retrieving foreign keys for 'datadiuscita' [type = TABLE]
[29 dic 2021 16:27:58] Retrieving foreign keys for 'datipagamento' [type = TABLE]
[29 dic 2021 16:27:58] Retrieving foreign keys for 'episodio' [type = TABLE]
[29 dic 2021 16:27:58]   Found foreign key: column serie_oid references serie(oid)
[29 dic 2021 16:27:58] Retrieving foreign keys for 'fasciadiprezzo' [type = TABLE]
[29 dic 2021 16:27:58] Retrieving foreign keys for 'film' [type = TABLE]
[29 dic 2021 16:27:58]   Found foreign key: column catalogo_generale_oid references catalogo_generale(oid)
[29 dic 2021 16:27:58]   Found foreign key: column datadiuscita_oid references datadiuscita(oid)
[29 dic 2021 16:27:58]   Found foreign key: column fasciadiprezzo_oid references fasciadiprezzo(oid)
[29 dic 2021 16:27:58]   Found foreign key: column genere_oid references genere(oid)
[29 dic 2021 16:27:58]   Found foreign key: column lingua_oid references lingua(oid)
[29 dic 2021 16:27:58]   Found foreign key: column regista_oid references regista(oid)
[29 dic 2021 16:27:58] Retrieving foreign keys for 'genere' [type = TABLE]
[29 dic 2021 16:27:58] Retrieving foreign keys for 'group' [type = TABLE]
[29 dic 2021 16:27:58]   Found foreign key: column module_oid references module(oid)
[29 dic 2021 16:27:58] Retrieving foreign keys for 'group_module' [type = TABLE]
[29 dic 2021 16:27:58]   Found foreign key: column group_oid references group(oid)
[29 dic 2021 16:27:58]   Found foreign key: column module_oid references module(oid)
[29 dic 2021 16:27:58] Retrieving foreign keys for 'lingua' [type = TABLE]
[29 dic 2021 16:27:58] Retrieving foreign keys for 'module' [type = TABLE]
[29 dic 2021 16:27:58] Retrieving foreign keys for 'recensione' [type = TABLE]
[29 dic 2021 16:27:58]   Found foreign key: column film_oid references film(oid)
[29 dic 2021 16:27:58]   Found foreign key: column serie_oid references serie(oid)
[29 dic 2021 16:27:58]   Found foreign key: column utente_esterno_registrato_oid references utente_esterno_registrato(utente_oid)
[29 dic 2021 16:27:58] Retrieving foreign keys for 'regista' [type = TABLE]
[29 dic 2021 16:27:58] Retrieving foreign keys for 'serie' [type = TABLE]
[29 dic 2021 16:27:58]   Found foreign key: column catalogo_generale_oid references catalogo_generale(oid)
[29 dic 2021 16:27:58]   Found foreign key: column datadiuscita_oid references datadiuscita(oid)
[29 dic 2021 16:27:58]   Found foreign key: column fasciadiprezzo_oid references fasciadiprezzo(oid)
[29 dic 2021 16:27:58]   Found foreign key: column genere_oid references genere(oid)
[29 dic 2021 16:27:58]   Found foreign key: column lingua_oid references lingua(oid)
[29 dic 2021 16:27:58] Retrieving foreign keys for 'transazione' [type = TABLE]
[29 dic 2021 16:27:58]   Found foreign key: column abbonamento_oid references abbonamento(oid)
[29 dic 2021 16:27:58]   Found foreign key: column datipagamento_oid references datipagamento(oid)
[29 dic 2021 16:27:58]   Found foreign key: column film_oid references film(oid)
[29 dic 2021 16:27:58]   Found foreign key: column serie_oid references serie(oid)
[29 dic 2021 16:27:58]   Found foreign key: column utente_esterno_registrato_oid references utente_esterno_registrato(utente_oid)
[29 dic 2021 16:27:58] Retrieving foreign keys for 'user_group' [type = TABLE]
[29 dic 2021 16:27:58]   Found foreign key: column group_oid references group(oid)
[29 dic 2021 16:27:58]   Found foreign key: column utente_oid references utente(oid)
[29 dic 2021 16:27:58] Retrieving foreign keys for 'utente' [type = TABLE]
[29 dic 2021 16:27:58]   Found foreign key: column group_oid references group(oid)
[29 dic 2021 16:27:58] Retrieving foreign keys for 'utente_esterno_registrato' [type = TABLE]
[29 dic 2021 16:27:58]   Found foreign key: column catalogo_personale_oid references catalogo_personale(oid)
[29 dic 2021 16:27:58]   Found foreign key: column datipagamento_oid references datipagamento(oid)
[29 dic 2021 16:27:58]   Found foreign key: column utente_oid references utente(oid)
[29 dic 2021 16:27:58] Retrieving foreign keys for 'utente_esterno_registrato_abbo' [type = TABLE]
[29 dic 2021 16:27:58]   Found foreign key: column utente_esterno_registrato_oid references utente_esterno_registrato(utente_oid)
[29 dic 2021 16:27:58] Retrieving foreign keys for 'filmpremiato_view' [type = VIEW]
[29 dic 2021 16:27:58] Retrieving foreign keys for 'filmrecente_view' [type = VIEW]
[29 dic 2021 16:27:58] Retrieving foreign keys for 'seriepremiata_view' [type = VIEW]
[29 dic 2021 16:27:58] Retrieving foreign keys for 'serierecente_view' [type = VIEW]
[29 dic 2021 16:27:58] Database metadata retrieved (400 ms)
[29 dic 2021 16:27:58] Retrieving auto-increment columns for 'abbonamento' [type = TABLE]
[29 dic 2021 16:27:58] Retrieving auto-increment columns for 'catalogo_generale' [type = TABLE]
[29 dic 2021 16:27:58] Retrieving auto-increment columns for 'catalogo_personale' [type = TABLE]
[29 dic 2021 16:27:58] Retrieving auto-increment columns for 'catalogo_personale_film' [type = TABLE]
[29 dic 2021 16:27:58] Retrieving auto-increment columns for 'catalogo_personale_serie' [type = TABLE]
[29 dic 2021 16:27:58] Retrieving auto-increment columns for 'datadiuscita' [type = TABLE]
[29 dic 2021 16:27:58] Retrieving auto-increment columns for 'datipagamento' [type = TABLE]
[29 dic 2021 16:27:58] Retrieving auto-increment columns for 'episodio' [type = TABLE]
[29 dic 2021 16:27:58] Retrieving auto-increment columns for 'fasciadiprezzo' [type = TABLE]
[29 dic 2021 16:27:58] Retrieving auto-increment columns for 'film' [type = TABLE]
[29 dic 2021 16:27:58] Retrieving auto-increment columns for 'genere' [type = TABLE]
[29 dic 2021 16:27:58] Retrieving auto-increment columns for 'group' [type = TABLE]
[29 dic 2021 16:27:58] Retrieving auto-increment columns for 'group_module' [type = TABLE]
[29 dic 2021 16:27:58] Retrieving auto-increment columns for 'lingua' [type = TABLE]
[29 dic 2021 16:27:58] Retrieving auto-increment columns for 'module' [type = TABLE]
[29 dic 2021 16:27:58] Retrieving auto-increment columns for 'recensione' [type = TABLE]
[29 dic 2021 16:27:58] Retrieving auto-increment columns for 'regista' [type = TABLE]
[29 dic 2021 16:27:58] Retrieving auto-increment columns for 'serie' [type = TABLE]
[29 dic 2021 16:27:58] Retrieving auto-increment columns for 'transazione' [type = TABLE]
[29 dic 2021 16:27:58] Retrieving auto-increment columns for 'user_group' [type = TABLE]
[29 dic 2021 16:27:58] Retrieving auto-increment columns for 'utente' [type = TABLE]
[29 dic 2021 16:27:58] Retrieving auto-increment columns for 'utente_esterno_registrato' [type = TABLE]
[29 dic 2021 16:27:58] Retrieving auto-increment columns for 'utente_esterno_registrato_abbo' [type = TABLE]
[29 dic 2021 16:27:58] Retrieving auto-increment columns for 'filmpremiato_view' [type = VIEW]
[29 dic 2021 16:27:58] Retrieving auto-increment columns for 'filmrecente_view' [type = VIEW]
[29 dic 2021 16:27:58] Retrieving auto-increment columns for 'seriepremiata_view' [type = VIEW]
[29 dic 2021 16:27:58] Retrieving auto-increment columns for 'serierecente_view' [type = VIEW]
[29 dic 2021 16:27:58] Database connection closed
